<?xml version="1.0" encoding="UTF-8"?>
<!-- Generated by org.testng.reporters.JUnitReportReporter -->
<testsuite hostname="Adarshs-Air" failures="0" tests="4" name="cucumberOptions.TestRunner" time="57.978" errors="1" timestamp="2022-03-04T01:24:09 IST" skipped="0">
  <testcase classname="cucumberOptions.TestRunner" name="runScenario" time="12.506"/>
  <system-out/>
  <testcase classname="cucumberOptions.TestRunner" name="runScenario" time="13.423"/>
  <system-out/>
  <testcase classname="cucumberOptions.TestRunner" name="runScenario" time="17.485">
    <error message="Unable to find element with locator By.name: query
For documentation on this error, please visit: https://selenium.dev/exceptions/#no_such_element
Build info: version: &#039;4.1.2&#039;, revision: &#039;9a5a329c5a&#039;
System info: host: &#039;Adarshs-Air&#039;, ip: &#039;fe80:0:0:0:101f:80c1:f6b1:83cf%en0&#039;, os.name: &#039;Mac OS X&#039;, os.arch: &#039;x86_64&#039;, os.version: &#039;10.13.1&#039;, java.version: &#039;14.0.1&#039;
Driver info: driver.version: RemoteWebDriver" type="org.openqa.selenium.NoSuchElementException">
      <![CDATA[org.openqa.selenium.NoSuchElementException: Unable to find element with locator By.name: query
For documentation on this error, please visit: https://selenium.dev/exceptions/#no_such_element
Build info: version: '4.1.2', revision: '9a5a329c5a'
System info: host: 'Adarshs-Air', ip: 'fe80:0:0:0:101f:80c1:f6b1:83cf%en0', os.name: 'Mac OS X', os.arch: 'x86_64', os.version: '10.13.1', java.version: '14.0.1'
Driver info: driver.version: RemoteWebDriver
at org.openqa.selenium.remote.ElementLocation$ElementFinder$2.findElement(ElementLocation.java:165)
at org.openqa.selenium.remote.ElementLocation.findElement(ElementLocation.java:66)
at org.openqa.selenium.remote.RemoteWebDriver.findElement(RemoteWebDriver.java:382)
at org.openqa.selenium.remote.RemoteWebDriver.findElement(RemoteWebDriver.java:374)
at pageObjects.PortalHomePage.getSearchBox(PortalHomePage.java:18)
at stepDefinitions.StepDefinition.verify_that_user_is_successfully_logged_in(StepDefinition.java:42)
at âœ½.Verify that user is successfully logged in(file:///Users/adarshshrivastava/eclipse-workspace/Framework/E2EProject/src/test/java/feature/login.feature:9)
]]>
    </error>
  </testcase> <!-- runScenario -->
  <system-out/>
  <testcase classname="cucumberOptions.TestRunner" name="runScenario" time="14.564"/>
  <system-out/>
</testsuite> <!-- cucumberOptions.TestRunner -->
