<?xml version="1.0" encoding="UTF-8"?>
<!-- Generated by org.testng.reporters.JUnitXMLReporter -->
<testsuite ignored="0" hostname="Adarshs-Air" failures="1" tests="1" name="Test" time="15.66" errors="0" timestamp="2022-03-03T01:05:19 IST">
  <testcase classname="Academy.ValidateNavigationBarTest" name="basePageNavigationBar" time="0.069">
    <failure type="java.lang.AssertionError">
      <![CDATA[java.lang.AssertionError: 
at Academy.ValidateNavigationBarTest.basePageNavigationBar(ValidateNavigationBarTest.java:31)
at java.base/java.util.ArrayList.forEach(ArrayList.java:1510)
at java.base/java.util.concurrent.FutureTask.run(FutureTask.java:264)
at java.base/java.util.concurrent.ThreadPoolExecutor.runWorker(ThreadPoolExecutor.java:1130)
at java.base/java.util.concurrent.ThreadPoolExecutor$Worker.run(ThreadPoolExecutor.java:630)
at java.base/java.lang.Thread.run(Thread.java:832)
... Removed 22 stack frames]]>
    </failure>
  </testcase> <!-- basePageNavigationBar -->
</testsuite> <!-- Test -->
