<?xml version="1.0" encoding="UTF-8"?>
<!-- Generated by org.testng.reporters.JUnitXMLReporter -->
<testsuite ignored="0" hostname="Adarshs-Air" failures="1" tests="1" name="ValidateTitleTest" time="14.297" errors="0" timestamp="2022-03-03T01:05:18 IST">
  <testcase classname="Academy.ValidateTitleTest" name="basePageNavigationTitle" time="0.218">
    <failure type="java.lang.AssertionError" message="expected:&amp;lt;Featured Courses&amp;gt; but was:&amp;lt;Featured Courses12346&amp;gt;">
      <![CDATA[java.lang.AssertionError: expected:<Featured Courses> but was:<Featured Courses12346>
at Academy.ValidateTitleTest.basePageNavigationTitle(ValidateTitleTest.java:32)
at java.base/java.util.ArrayList.forEach(ArrayList.java:1510)
at java.base/java.util.concurrent.FutureTask.run(FutureTask.java:264)
at java.base/java.util.concurrent.ThreadPoolExecutor.runWorker(ThreadPoolExecutor.java:1130)
at java.base/java.util.concurrent.ThreadPoolExecutor$Worker.run(ThreadPoolExecutor.java:630)
at java.base/java.lang.Thread.run(Thread.java:832)
... Removed 20 stack frames]]>
    </failure>
  </testcase> <!-- basePageNavigationTitle -->
</testsuite> <!-- ValidateTitleTest -->
